C:\Microsemi\Libero_v11.0\Synopsys\synplify_G201209MSP1\bin64\c_ver.exe  -osyn  N:\EECS_373\Project\new_base_station\synthesis\synwork\controller_compiler.srs  -top  controller  -prodtype  synplify_pro  -nram -fixsmult   -divnmod -I N:\EECS_373\Project\new_base_station\synthesis\  -I C:\Microsemi\Libero_v11.0\Synopsys\synplify_G201209MSP1\lib  -v2001  -devicelib  C:\Microsemi\Libero_v11.0\Synopsys\synplify_G201209MSP1\lib\proasic\smartfusion.v  -encrypt  -pro  -dmgen  N:\EECS_373\Project\new_base_station\synthesis\dm  -ll 2000   -ui -fid2 -ram -sharing on  -autosm -lib work N:\EECS_373\Project\new_base_station\component\work\controller_MSS\mss_tshell.v -lib work N:\EECS_373\Project\new_base_station\component\Actel\SmartFusionMSS\MSS\2.5.106\mss_comps.v -lib work N:\EECS_373\Project\new_base_station\component\work\controller_MSS\MSS_CCC_0\controller_MSS_tmp_MSS_CCC_0_MSS_CCC.v -lib work N:\EECS_373\Project\new_base_station\component\work\controller_MSS\controller_MSS.v -lib work N:\EECS_373\Project\new_base_station\component\work\controller\CoreUARTapb_0\rtl\vlog\core_obfuscated\Clock_gen.v -lib work N:\EECS_373\Project\new_base_station\component\work\controller\CoreUARTapb_0\rtl\vlog\core_obfuscated\Tx_async.v -lib work N:\EECS_373\Project\new_base_station\component\work\controller\CoreUARTapb_0\rtl\vlog\core_obfuscated\Rx_async.v -lib work N:\EECS_373\Project\new_base_station\component\work\controller\CoreUARTapb_0\rtl\vlog\core_obfuscated\fifo_256x8_smartfusion.v -lib work N:\EECS_373\Project\new_base_station\component\work\controller\CoreUARTapb_0\rtl\vlog\core_obfuscated\CoreUART.v -lib work N:\EECS_373\Project\new_base_station\component\work\controller\CoreUARTapb_0\rtl\vlog\core_obfuscated\CoreUARTapb.v -lib work N:\EECS_373\Project\new_base_station\hdl\poll.v -lib work N:\EECS_373\Project\new_base_station\hdl\read.v -lib COREAPB3_LIB N:\EECS_373\Project\new_base_station\component\Actel\DirectCore\CoreAPB3\4.0.100\rtl\vlog\core_obfuscated\coreapb3_muxptob3.v -lib COREAPB3_LIB N:\EECS_373\Project\new_base_station\component\Actel\DirectCore\CoreAPB3\4.0.100\rtl\vlog\core_obfuscated\coreapb3_iaddr_reg.v -lib COREAPB3_LIB N:\EECS_373\Project\new_base_station\component\Actel\DirectCore\CoreAPB3\4.0.100\rtl\vlog\core_obfuscated\coreapb3.v -lib work N:\EECS_373\Project\new_base_station\component\work\controller\controller.v -loga  N:\EECS_373\Project\new_base_station\synthesis\controller.srr 
rc:1 success:1
N:\EECS_373\Project\new_base_station\synthesis\synwork\controller_compiler.srs|o|1386628496|70824
C:\Microsemi\Libero_v11.0\Synopsys\synplify_G201209MSP1\lib\proasic\smartfusion.v|i|1360942192|72817
N:\EECS_373\Project\new_base_station\component\work\controller_MSS\mss_tshell.v|i|1386628385|12226
N:\EECS_373\Project\new_base_station\component\Actel\SmartFusionMSS\MSS\2.5.106\mss_comps.v|i|1386628378|11243
N:\EECS_373\Project\new_base_station\component\work\controller_MSS\MSS_CCC_0\controller_MSS_tmp_MSS_CCC_0_MSS_CCC.v|i|1386628385|2888
N:\EECS_373\Project\new_base_station\component\work\controller_MSS\controller_MSS.v|i|1386628385|19246
N:\EECS_373\Project\new_base_station\component\work\controller\CoreUARTapb_0\rtl\vlog\core_obfuscated\Clock_gen.v|i|1386628384|6129
N:\EECS_373\Project\new_base_station\component\work\controller\CoreUARTapb_0\rtl\vlog\core_obfuscated\Tx_async.v|i|1386628384|5226
N:\EECS_373\Project\new_base_station\component\work\controller\CoreUARTapb_0\rtl\vlog\core_obfuscated\Rx_async.v|i|1386628384|9465
N:\EECS_373\Project\new_base_station\component\work\controller\CoreUARTapb_0\rtl\vlog\core_obfuscated\fifo_256x8_smartfusion.v|i|1386628384|4476
N:\EECS_373\Project\new_base_station\component\work\controller\CoreUARTapb_0\rtl\vlog\core_obfuscated\CoreUART.v|i|1386628384|9057
N:\EECS_373\Project\new_base_station\component\work\controller\CoreUARTapb_0\rtl\vlog\core_obfuscated\CoreUARTapb.v|i|1386628384|6589
N:\EECS_373\Project\new_base_station\hdl\poll.v|i|1386628385|5333
N:\EECS_373\Project\new_base_station\hdl\read.v|i|1386628385|4014
N:\EECS_373\Project\new_base_station\component\Actel\DirectCore\CoreAPB3\4.0.100\rtl\vlog\core_obfuscated\coreapb3_muxptob3.v|i|1386628378|6738
N:\EECS_373\Project\new_base_station\component\Actel\DirectCore\CoreAPB3\4.0.100\rtl\vlog\core_obfuscated\coreapb3_iaddr_reg.v|i|1386628378|3312
N:\EECS_373\Project\new_base_station\component\Actel\DirectCore\CoreAPB3\4.0.100\rtl\vlog\core_obfuscated\coreapb3.v|i|1386628378|32421
N:\EECS_373\Project\new_base_station\component\work\controller\controller.v|i|1386628384|16418
N:\EECS_373\Project\new_base_station\synthesis\controller.srr|o|1386628496|29662
C:\Microsemi\Libero_v11.0\Synopsys\synplify_G201209MSP1\bin64\c_ver.exe|i|1361373522|5587456
C:\Microsemi\Libero_v11.0\Synopsys\synplify_G201209MSP1\bin\c_ver.exe|i|1361373516|2088448
