Target Part: A2F200M3F_FBGA484_-1
Report for cell controller.verilog
  Core Cell usage:
              cell count     area count*area
              AND2     5      1.0        5.0
              AND3    24      1.0       24.0
               AO1    39      1.0       39.0
              AO16     1      1.0        1.0
              AO1A     6      1.0        6.0
              AO1B     6      1.0        6.0
              AO1C     1      1.0        1.0
              AO1D     3      1.0        3.0
              AOI1    11      1.0       11.0
             AOI1B     4      1.0        4.0
              AX1A     2      1.0        2.0
              AX1B     1      1.0        1.0
              AX1C     1      1.0        1.0
              AX1D     5      1.0        5.0
              AX1E     1      1.0        1.0
             AXOI4     2      1.0        2.0
             AXOI5     1      1.0        1.0
             AXOI7     1      1.0        1.0
               GND    12      0.0        0.0
               INV     1      1.0        1.0
              MAJ3     1      1.0        1.0
           MSS_APB     1      0.0        0.0
           MSS_CCC     1      0.0        0.0
               MX2    11      1.0       11.0
              MX2C     1      1.0        1.0
              NOR2    33      1.0       33.0
             NOR2A    81      1.0       81.0
             NOR2B    88      1.0       88.0
              NOR3    16      1.0       16.0
             NOR3A    44      1.0       44.0
             NOR3B    48      1.0       48.0
             NOR3C    70      1.0       70.0
               OA1     7      1.0        7.0
              OA1A     5      1.0        5.0
              OA1B     1      1.0        1.0
              OA1C    11      1.0       11.0
              OAI1     6      1.0        6.0
               OR2    24      1.0       24.0
              OR2A    18      1.0       18.0
              OR2B    16      1.0       16.0
               OR3    23      1.0       23.0
              OR3A     2      1.0        2.0
              OR3B     5      1.0        5.0
              OR3C     5      1.0        5.0
             RCOSC     1      0.0        0.0
               VCC    12      0.0        0.0
               XA1     2      1.0        2.0
              XA1B     4      1.0        4.0
              XA1C    13      1.0       13.0
             XNOR2     2      1.0        2.0
             XNOR3     1      1.0        1.0
              XOR2    29      1.0       29.0


              DFN1    55      1.0       55.0
            DFN1C0    27      1.0       27.0
            DFN1E0     1      1.0        1.0
          DFN1E0C0    16      1.0       16.0
          DFN1E0P0     1      1.0        1.0
            DFN1E1    56      1.0       56.0
          DFN1E1C0    64      1.0       64.0
          DFN1E1P0     1      1.0        1.0
            DFN1P0     3      1.0        3.0
                   -----          ----------
             TOTAL   933               906.0


  IO Cell usage:
              cell count
             BIBUF     1
            CLKBUF     1
             INBUF     1
         INBUF_MSS     2
            OUTBUF     1
        OUTBUF_MSS     2
                   -----
             TOTAL     8


Core Cells         : 906 of 4608 (20%)
IO Cells           : 8

  RAM/ROM Usage Summary
Block Rams : 0 of 8 (0%)

